<?xml version="1.0" encoding="UTF-8"?>
<!-- Generated by org.testng.reporters.JUnitReportReporter -->
<testsuite hostname="INBOOK_X1_SLIM" failures="0" tests="1" name="_16basicTestScriptTest._01ToVerifyHomePageTest" time="7.268" errors="0" timestamp="2022-12-08T14:25:28 IST" skipped="0">
  <testcase classname="_16basicTestScriptTest._01ToVerifyHomePageTest" name="mainTest" time="7.268"/>
  <system-out/>
</testsuite> <!-- _16basicTestScriptTest._01ToVerifyHomePageTest -->
