<?xml version="1.0" encoding="UTF-8"?>
<!-- Generated by org.testng.reporters.JUnitReportReporter -->
<testsuite hostname="INBOOK_X1_SLIM" failures="0" tests="1" name="_16basicTestScript._01ToVerifyHomePage" time="5.319" errors="0" timestamp="2022-12-08T13:20:59 IST" skipped="0">
  <testcase classname="_16basicTestScript._01ToVerifyHomePage" name="main" time="5.319"/>
  <system-out/>
</testsuite> <!-- _16basicTestScript._01ToVerifyHomePage -->
